<?xml version="1.0" encoding="UTF-8"?>
<!-- Generated by org.testng.reporters.JUnitReportReporter -->
<testsuite hostname="LAPTOP-JSNM64PE" failures="0" tests="2" name="automation.CICDDemo.TestHomePage" time="1.450" errors="0" timestamp="2023-09-28T12:30:41 GST" skipped="0">
  <testcase classname="automation.CICDDemo.TestHomePage" name="Test1" time="0.336"/>
  <system-out/>
  <testcase classname="automation.CICDDemo.TestHomePage" name="Test2" time="1.114"/>
  <system-out/>
</testsuite> <!-- automation.CICDDemo.TestHomePage -->
